  timer.cpp
c:\users\stephen.diep\desktop\pokemon\pokemon\timer.cpp(47): fatal error C1010: unexpected end of file while looking for precompiled header. Did you forget to add '#include "stdafx.h"' to your source?
  texture.cpp
c:\users\stephen.diep\desktop\pokemon\pokemon\texture.cpp(47): fatal error C1010: unexpected end of file while looking for precompiled header. Did you forget to add '#include "stdafx.h"' to your source?
<<<<<<< HEAD
  Pokemon.cpp
c:\users\stephen.diep\desktop\pokemon\pokemon\pokemon.cpp(35): fatal error C1010: unexpected end of file while looking for precompiled header. Did you forget to add '#include "stdafx.h"' to your source?
  main.cpp
c:\users\stephen.diep\desktop\pokemon\pokemon\main.cpp(17): fatal error C1010: unexpected end of file while looking for precompiled header. Did you forget to add '#include "stdafx.h"' to your source?
=======
  main.cpp
c:\users\stephen.diep\desktop\pokemon\pokemon\main.cpp(15): fatal error C1010: unexpected end of file while looking for precompiled header. Did you forget to add '#include "stdafx.h"' to your source?
>>>>>>> parent of 1e5a008... Updated with Richard's
  graphics.cpp
c:\users\stephen.diep\desktop\pokemon\pokemon\graphics.cpp(99): fatal error C1010: unexpected end of file while looking for precompiled header. Did you forget to add '#include "stdafx.h"' to your source?
  gameManager.cpp
c:\users\stephen.diep\desktop\pokemon\pokemon\gamemanager.cpp(80): fatal error C1010: unexpected end of file while looking for precompiled header. Did you forget to add '#include "stdafx.h"' to your source?
  assetManager.cpp
c:\users\stephen.diep\desktop\pokemon\pokemon\assetmanager.cpp(37): fatal error C1010: unexpected end of file while looking for precompiled header. Did you forget to add '#include "stdafx.h"' to your source?
  animatedTexture.cpp
c:\users\stephen.diep\desktop\pokemon\pokemon\animatedtexture.cpp(45): fatal error C1010: unexpected end of file while looking for precompiled header. Did you forget to add '#include "stdafx.h"' to your source?
  Generating Code...
