  AssetManager.cpp
  AudioManager.cpp
c:\users\mike\documents\github\pokemon\pokemon\audiomanager.cpp(27): warning C4778: 'printf' : unterminated format string '%\n'
c:\users\mike\documents\github\pokemon\pokemon\audiomanager.cpp(27): warning C4474: 'printf' : too many arguments passed for format string
  c:\users\mike\documents\github\pokemon\pokemon\audiomanager.cpp(27): note: placeholders and their parameters expect 0 variadic arguments, but 1 were provided
  MasterMap.cpp
c:\users\mike\documents\github\pokemon\pokemon\camera.h(18): warning C4244: '=': conversion from 'float' to 'int', possible loss of data
  Options.cpp
c:\users\mike\documents\github\pokemon\pokemon\options.cpp(12): warning C4244: 'argument': conversion from 'float' to 'int', possible loss of data
c:\users\mike\documents\github\pokemon\pokemon\options.cpp(13): warning C4244: 'argument': conversion from 'float' to 'int', possible loss of data
  PkmnState.cpp
c:\users\mike\documents\github\pokemon\pokemon\pkmnstate.cpp(11): warning C4244: 'argument': conversion from 'float' to 'int', possible loss of data
c:\users\mike\documents\github\pokemon\pokemon\pkmnstate.cpp(12): warning C4244: 'argument': conversion from 'float' to 'int', possible loss of data
  PokeDex.cpp
c:\users\mike\documents\github\pokemon\pokemon\pokedex.cpp(16): warning C4244: 'argument': conversion from 'float' to 'int', possible loss of data
c:\users\mike\documents\github\pokemon\pokemon\pokedex.cpp(17): warning C4244: 'argument': conversion from 'float' to 'int', possible loss of data
  Pokemon.cpp
c:\users\mike\documents\github\pokemon\pokemon\camera.h(18): warning C4244: '=': conversion from 'float' to 'int', possible loss of data
  animatedTexture.cpp
  camera.cpp
c:\users\mike\documents\github\pokemon\pokemon\camera.h(18): warning C4244: '=': conversion from 'float' to 'int', possible loss of data
  characters.cpp
c:\users\mike\documents\github\pokemon\pokemon\characters.cpp(15): warning C4244: 'argument': conversion from 'float' to 'int', possible loss of data
c:\users\mike\documents\github\pokemon\pokemon\characters.cpp(16): warning C4244: 'argument': conversion from 'float' to 'int', possible loss of data
  gameEntity.cpp
  gameManager.cpp
c:\users\mike\documents\github\pokemon\pokemon\camera.h(18): warning C4244: '=': conversion from 'float' to 'int', possible loss of data
  graphics.cpp
  levelManager.cpp
c:\users\mike\documents\github\pokemon\pokemon\camera.h(18): warning C4244: '=': conversion from 'float' to 'int', possible loss of data
c:\users\mike\documents\github\pokemon\pokemon\levelmanager.cpp(28): warning C4244: 'argument': conversion from 'float' to 'int', possible loss of data
c:\users\mike\documents\github\pokemon\pokemon\levelmanager.cpp(29): warning C4244: 'argument': conversion from 'float' to 'int', possible loss of data
c:\users\mike\documents\github\pokemon\pokemon\levelmanager.cpp(239): warning C4244: 'argument': conversion from 'int' to 'float', possible loss of data
  menuManager.cpp
  menuStart.cpp
c:\users\mike\documents\github\pokemon\pokemon\menustart.cpp(57): warning C4244: 'argument': conversion from 'float' to 'int', possible loss of data
c:\users\mike\documents\github\pokemon\pokemon\menustart.cpp(58): warning C4244: 'argument': conversion from 'float' to 'int', possible loss of data
  playerHouse.cpp
c:\users\mike\documents\github\pokemon\pokemon\camera.h(18): warning C4244: '=': conversion from 'float' to 'int', possible loss of data
  pokemonCenter.cpp
  pokemonLeague.cpp
  pokemonMart.cpp
  Generating Code...
  Compiling...
  pokemonSchool.cpp
  redHouse.cpp
  reserchLab.cpp
  startRoom.cpp
  texture.cpp
  userInput.cpp
c:\users\mike\documents\github\pokemon\pokemon\camera.h(18): warning C4244: '=': conversion from 'float' to 'int', possible loss of data
  viridianCityHouse.cpp
  Generating Code...
  LINK : C:\Users\Mike\Documents\GitHub\Pokemon\Debug\Pokemon.exe not found or not built by the last incremental link; performing full link
  Pokemon.vcxproj -> C:\Users\Mike\Documents\GitHub\Pokemon\Debug\Pokemon.exe
