c:\users\erick.hobbs\documents\github\pokemon\pokemon\pokemon\debug\vc141.pdb
c:\users\erick.hobbs\documents\github\pokemon\pokemon\pokemon\debug\vc141.idb
c:\users\erick.hobbs\documents\github\pokemon\pokemon\pokemon\debug\pkmnstate.obj
c:\users\erick.hobbs\documents\github\pokemon\pokemon\pokemon\debug\options.obj
c:\users\erick.hobbs\documents\github\pokemon\pokemon\pokemon\debug\moves.obj
c:\users\erick.hobbs\documents\github\pokemon\pokemon\pokemon\debug\levelmanager.obj
c:\users\erick.hobbs\documents\github\pokemon\pokemon\pokemon\debug\items.obj
c:\users\erick.hobbs\documents\github\pokemon\pokemon\pokemon\debug\inventory.obj
c:\users\erick.hobbs\documents\github\pokemon\pokemon\pokemon\debug\graphics.obj
c:\users\erick.hobbs\documents\github\pokemon\pokemon\pokemon\debug\characters.obj
c:\users\erick.hobbs\documents\github\pokemon\pokemon\pokemon\debug\camera.obj
c:\users\erick.hobbs\documents\github\pokemon\pokemon\pokemon\debug\menustart.obj
c:\users\erick.hobbs\documents\github\pokemon\pokemon\pokemon\debug\menumanager.obj
c:\users\erick.hobbs\documents\github\pokemon\pokemon\pokemon\debug\mastermap.obj
c:\users\erick.hobbs\documents\github\pokemon\pokemon\pokemon\debug\main.obj
c:\users\erick.hobbs\documents\github\pokemon\pokemon\pokemon\debug\gamemanager.obj
c:\users\erick.hobbs\documents\github\pokemon\pokemon\pokemon\debug\gameentity.obj
c:\users\erick.hobbs\documents\github\pokemon\pokemon\pokemon\debug\displaytext.obj
c:\users\erick.hobbs\documents\github\pokemon\pokemon\pokemon\debug\battle.obj
c:\users\erick.hobbs\documents\github\pokemon\pokemon\pokemon\debug\audiomanager.obj
c:\users\erick.hobbs\documents\github\pokemon\pokemon\pokemon\debug\assetmanager.obj
c:\users\erick.hobbs\documents\github\pokemon\pokemon\pokemon\debug\animatedtexture.obj
c:\users\erick.hobbs\documents\github\pokemon\pokemon\pokemon\debug\textmanager.obj
c:\users\erick.hobbs\documents\github\pokemon\pokemon\pokemon\debug\oak.obj
c:\users\erick.hobbs\documents\github\pokemon\pokemon\pokemon\debug\npc.obj
c:\users\erick.hobbs\documents\github\pokemon\pokemon\pokemon\debug\dialouge.obj
c:\users\erick.hobbs\documents\github\pokemon\pokemon\pokemon\debug\viridiancityhouse.obj
c:\users\erick.hobbs\documents\github\pokemon\pokemon\pokemon\debug\userinput.obj
c:\users\erick.hobbs\documents\github\pokemon\pokemon\pokemon\debug\timer.obj
c:\users\erick.hobbs\documents\github\pokemon\pokemon\pokemon\debug\texture.obj
c:\users\erick.hobbs\documents\github\pokemon\pokemon\pokemon\debug\startroom.obj
c:\users\erick.hobbs\documents\github\pokemon\pokemon\pokemon\debug\reserchlab.obj
c:\users\erick.hobbs\documents\github\pokemon\pokemon\pokemon\debug\redhouse.obj
c:\users\erick.hobbs\documents\github\pokemon\pokemon\pokemon\debug\pokemonschool.obj
c:\users\erick.hobbs\documents\github\pokemon\pokemon\pokemon\debug\pokemoncenter.obj
c:\users\erick.hobbs\documents\github\pokemon\pokemon\pokemon\debug\playerhouse.obj
c:\users\erick.hobbs\documents\github\pokemon\pokemon\pokemon\debug\pokemonmart.obj
c:\users\erick.hobbs\documents\github\pokemon\pokemon\pokemon\debug\pokemonleague.obj
c:\users\erick.hobbs\documents\github\pokemon\pokemon\pokemon\debug\pokemon.obj
c:\users\erick.hobbs\documents\github\pokemon\pokemon\pokemon\debug\pokedex.obj
c:\users\erick.hobbs\documents\github\pokemon\pokemon\pokemon\debug\playermenu.obj
c:\users\erick.hobbs\documents\github\pokemon\pokemon\debug\pokemon.exe
c:\users\erick.hobbs\documents\github\pokemon\pokemon\debug\pokemon.ilk
c:\users\erick.hobbs\documents\github\pokemon\pokemon\debug\pokemon.pdb
c:\users\erick.hobbs\documents\github\pokemon\pokemon\pokemon\debug\pokemon.tlog\cl.command.1.tlog
c:\users\erick.hobbs\documents\github\pokemon\pokemon\pokemon\debug\pokemon.tlog\cl.read.1.tlog
c:\users\erick.hobbs\documents\github\pokemon\pokemon\pokemon\debug\pokemon.tlog\cl.write.1.tlog
c:\users\erick.hobbs\documents\github\pokemon\pokemon\pokemon\debug\pokemon.tlog\link.command.1.tlog
c:\users\erick.hobbs\documents\github\pokemon\pokemon\pokemon\debug\pokemon.tlog\link.read.1.tlog
c:\users\erick.hobbs\documents\github\pokemon\pokemon\pokemon\debug\pokemon.tlog\link.write.1.tlog
